<?xml version="1.0" encoding="utf-8" standalone="no"?>
<test-run id="2" testcasecount="10" result="Passed" total="10" passed="10" failed="0" inconclusive="0" skipped="0" asserts="10" engine-version="3.5.0.0" clr-version="4.0.30319.42000" start-time="2016-12-06 12:39:42Z" end-time="2016-12-06 12:39:42Z" duration="0.266237">
  <command-line><![CDATA["packages/NUnit.ConsoleRunner/tools/nunit3-console.exe" "--noheader" "--output=.\test\TestResults.xml" "C:\Users\daniil.ekzaryan\Documents\Atom\FSharp\chat-backend\test\Chat_Backend_test.dll" ]]></command-line>
  <test-suite type="Assembly" id="0-1019" name="Chat_Backend_test.dll" fullname="C:\Users\daniil.ekzaryan\Documents\Atom\FSharp\chat-backend\test\Chat_Backend_test.dll" runstate="Runnable" testcasecount="10" result="Passed" start-time="2016-12-06 12:39:42Z" end-time="2016-12-06 12:39:42Z" duration="0.199892" total="10" passed="10" failed="0" inconclusive="0" skipped="0" asserts="10">
    <environment framework-version="3.5.0.0" clr-version="4.0.30319.42000" os-version="Microsoft Windows NT 10.0.10586.0" platform="Win32NT" cwd="C:\Users\daniil.ekzaryan\Documents\Atom\FSharp\chat-backend" machine-name="EKZARYAN10P01" user="daniil.ekzaryan" user-domain="ARCADIA" culture="en-US" uiculture="en-US" os-architecture="x64" />
    <settings>
      <setting name="DisposeRunners" value="True" />
      <setting name="WorkDirectory" value="C:\Users\daniil.ekzaryan\Documents\Atom\FSharp\chat-backend" />
      <setting name="ImageRuntimeVersion" value="4.0.30319" />
      <setting name="ImageTargetFrameworkName" value=".NETFramework,Version=v4.6.1" />
      <setting name="ImageRequiresX86" value="False" />
      <setting name="ImageRequiresDefaultAppDomainAssemblyResolver" value="False" />
      <setting name="NumberOfTestWorkers" value="4" />
    </settings>
    <properties>
      <property name="_PID" value="13356" />
      <property name="_APPDOMAIN" value="test-domain-" />
    </properties>
    <test-suite type="TestFixture" id="0-1000" name="DomainTest" fullname="DomainTest" classname="DomainTest" runstate="Runnable" testcasecount="10" result="Passed" start-time="2016-12-06 12:39:42Z" end-time="2016-12-06 12:39:42Z" duration="0.178988" total="10" passed="10" failed="0" inconclusive="0" skipped="0" asserts="10">
      <test-suite type="ParameterizedMethod" id="0-1004" name="When creating invalid email should return None " fullname="DomainTest.When creating invalid email should return None " classname="DomainTest" runstate="Runnable" testcasecount="1" result="Passed" start-time="2016-12-06 12:39:42Z" end-time="2016-12-06 12:39:42Z" duration="0.072743" total="1" passed="1" failed="0" inconclusive="0" skipped="0" asserts="1">
        <test-case id="0-1003" name="When creating invalid email should return None (&quot;asd&quot;)" fullname="DomainTest.When creating invalid email should return None (&quot;asd&quot;)" methodname="When creating invalid email should return None " classname="DomainTest" runstate="Runnable" seed="931334164" result="Passed" start-time="2016-12-06 12:39:42Z" end-time="2016-12-06 12:39:42Z" duration="0.049578" asserts="1" />
      </test-suite>
      <test-suite type="ParameterizedMethod" id="0-1008" name="When creating invalid password should return None " fullname="DomainTest.When creating invalid password should return None " classname="DomainTest" runstate="Runnable" testcasecount="1" result="Passed" start-time="2016-12-06 12:39:42Z" end-time="2016-12-06 12:39:42Z" duration="0.004407" total="1" passed="1" failed="0" inconclusive="0" skipped="0" asserts="1">
        <test-case id="0-1007" name="When creating invalid password should return None (&quot;asd&quot;)" fullname="DomainTest.When creating invalid password should return None (&quot;asd&quot;)" methodname="When creating invalid password should return None " classname="DomainTest" runstate="Runnable" seed="2061734413" result="Passed" start-time="2016-12-06 12:39:42Z" end-time="2016-12-06 12:39:42Z" duration="0.001309" asserts="1" />
      </test-suite>
      <test-suite type="ParameterizedMethod" id="0-1016" name="When creating user with invalid email and invalid pass should return None " fullname="DomainTest.When creating user with invalid email and invalid pass should return None " classname="DomainTest" runstate="Runnable" testcasecount="1" result="Passed" start-time="2016-12-06 12:39:42Z" end-time="2016-12-06 12:39:42Z" duration="0.009627" total="1" passed="1" failed="0" inconclusive="0" skipped="0" asserts="1">
        <test-case id="0-1015" name="When creating user with invalid email and invalid pass should return None (&quot;asd&quot;,&quot;shortpp&quot;)" fullname="DomainTest.When creating user with invalid email and invalid pass should return None (&quot;asd&quot;,&quot;shortpp&quot;)" methodname="When creating user with invalid email and invalid pass should return None " classname="DomainTest" runstate="Runnable" seed="1449723081" result="Passed" start-time="2016-12-06 12:39:42Z" end-time="2016-12-06 12:39:42Z" duration="0.004906" asserts="1" />
      </test-suite>
      <test-suite type="ParameterizedMethod" id="0-1012" name="When creating user with invalid email and valid pass should return None " fullname="DomainTest.When creating user with invalid email and valid pass should return None " classname="DomainTest" runstate="Runnable" testcasecount="1" result="Passed" start-time="2016-12-06 12:39:42Z" end-time="2016-12-06 12:39:42Z" duration="0.004532" total="1" passed="1" failed="0" inconclusive="0" skipped="0" asserts="1">
        <test-case id="0-1011" name="When creating user with invalid email and valid pass should return None (&quot;asd&quot;,&quot;somepass&quot;)" fullname="DomainTest.When creating user with invalid email and valid pass should return None (&quot;asd&quot;,&quot;somepass&quot;)" methodname="When creating user with invalid email and valid pass should return None " classname="DomainTest" runstate="Runnable" seed="37907302" result="Passed" start-time="2016-12-06 12:39:42Z" end-time="2016-12-06 12:39:42Z" duration="0.001445" asserts="1" />
      </test-suite>
      <test-suite type="ParameterizedMethod" id="0-1014" name="When creating user with valid email and invalid pass should return None " fullname="DomainTest.When creating user with valid email and invalid pass should return None " classname="DomainTest" runstate="Runnable" testcasecount="1" result="Passed" start-time="2016-12-06 12:39:42Z" end-time="2016-12-06 12:39:42Z" duration="0.009298" total="1" passed="1" failed="0" inconclusive="0" skipped="0" asserts="1">
        <test-case id="0-1013" name="When creating user with valid email and invalid pass should return None (&quot;abc@mail.ru&quot;,&quot;shortpp&quot;)" fullname="DomainTest.When creating user with valid email and invalid pass should return None (&quot;abc@mail.ru&quot;,&quot;shortpp&quot;)" methodname="When creating user with valid email and invalid pass should return None " classname="DomainTest" runstate="Runnable" seed="1689097387" result="Passed" start-time="2016-12-06 12:39:42Z" end-time="2016-12-06 12:39:42Z" duration="0.001547" asserts="1" />
      </test-suite>
      <test-suite type="ParameterizedMethod" id="0-1002" name="When creating valid email should return Some email " fullname="DomainTest.When creating valid email should return Some email " classname="DomainTest" runstate="Runnable" testcasecount="1" result="Passed" start-time="2016-12-06 12:39:42Z" end-time="2016-12-06 12:39:42Z" duration="0.009451" total="1" passed="1" failed="0" inconclusive="0" skipped="0" asserts="1">
        <test-case id="0-1001" name="When creating valid email should return Some email (&quot;abc@mail.ru&quot;)" fullname="DomainTest.When creating valid email should return Some email (&quot;abc@mail.ru&quot;)" methodname="When creating valid email should return Some email " classname="DomainTest" runstate="Runnable" seed="496913380" result="Passed" start-time="2016-12-06 12:39:42Z" end-time="2016-12-06 12:39:42Z" duration="0.004497" asserts="1" />
      </test-suite>
      <test-suite type="ParameterizedMethod" id="0-1006" name="When creating valid password should return Some pass " fullname="DomainTest.When creating valid password should return Some pass " classname="DomainTest" runstate="Runnable" testcasecount="1" result="Passed" start-time="2016-12-06 12:39:42Z" end-time="2016-12-06 12:39:42Z" duration="0.004695" total="1" passed="1" failed="0" inconclusive="0" skipped="0" asserts="1">
        <test-case id="0-1005" name="When creating valid password should return Some pass (&quot;somepass&quot;)" fullname="DomainTest.When creating valid password should return Some pass (&quot;somepass&quot;)" methodname="When creating valid password should return Some pass " classname="DomainTest" runstate="Runnable" seed="861614630" result="Passed" start-time="2016-12-06 12:39:42Z" end-time="2016-12-06 12:39:42Z" duration="0.000826" asserts="1" />
      </test-suite>
      <test-suite type="ParameterizedMethod" id="0-1010" name="When creating valid user should return Some user " fullname="DomainTest.When creating valid user should return Some user " classname="DomainTest" runstate="Runnable" testcasecount="1" result="Passed" start-time="2016-12-06 12:39:42Z" end-time="2016-12-06 12:39:42Z" duration="0.005472" total="1" passed="1" failed="0" inconclusive="0" skipped="0" asserts="1">
        <test-case id="0-1009" name="When creating valid user should return Some user (&quot;abc@mail.ru&quot;,&quot;somepass&quot;)" fullname="DomainTest.When creating valid user should return Some user (&quot;abc@mail.ru&quot;,&quot;somepass&quot;)" methodname="When creating valid user should return Some user " classname="DomainTest" runstate="Runnable" seed="1441922818" result="Passed" start-time="2016-12-06 12:39:42Z" end-time="2016-12-06 12:39:42Z" duration="0.001475" asserts="1" />
      </test-suite>
      <test-case id="0-1018" name="When trying to get token for non-registered user should return None " fullname="DomainTest.When trying to get token for non-registered user should return None " methodname="When trying to get token for non-registered user should return None " classname="DomainTest" runstate="Runnable" seed="1501629606" result="Passed" start-time="2016-12-06 12:39:42Z" end-time="2016-12-06 12:39:42Z" duration="0.001876" asserts="1" />
      <test-case id="0-1017" name="When trying to get token for registered user should return Some token " fullname="DomainTest.When trying to get token for registered user should return Some token " methodname="When trying to get token for registered user should return Some token " classname="DomainTest" runstate="Runnable" seed="1915856607" result="Passed" start-time="2016-12-06 12:39:42Z" end-time="2016-12-06 12:39:42Z" duration="0.002196" asserts="1" />
    </test-suite>
  </test-suite>
</test-run>